================================================================================
Appcelerator Titanium Diagnostics Build Log
The contents of this file are useful to send to Appcelerator Support if
reporting an issue to help us understand your environment, build settings
and aid in debugging. Please attach this log to any issue that you report.
================================================================================

Starting build at 01/22/13 14:31

Build details:

   timestamp=11/09/12 12:46
   module_apiversion=2
   version=2.1.4
   githash=51f2c64


Script arguments:
   /Users/ekuto/Library/Application Support/Titanium/mobilesdk/osx/2.1.4.GA/iphone/builder.py
   simulator
   6.0
   /Users/ekuto/titanium/hubmobile
   com.ashoka.hubmobile
   hubmobile
   universal
   iphone

Building from: /Users/ekuto/Library/Application Support/Titanium/mobilesdk/osx/2.1.4.GA/iphone
Platform: Darwin Kernel Version 11.4.2: Thu Aug 23 16:26:45 PDT 2012; root:xnu-1699.32.7~1/RELEASE_I386

Xcode path is: /Applications/Xcode.app/Contents/Developer


githash=51f2c64, existing_git_hash=51f2c64
writing contents of /Users/ekuto/titanium/hubmobile/build/iphone/project.xcconfig:

TI_VERSION=2.1.4.GA
TI_SDK_DIR=/Users/ekuto/Library/Application Support/Titanium/mobilesdk/osx/$(TI_VERSION)/iphone
TI_APPID=com.ashoka.hubmobile
OTHER_LDFLAGS[sdk=iphoneos*]=$(inherited) -weak_framework iAd
OTHER_LDFLAGS[sdk=iphonesimulator*]=$(inherited) -weak_framework iAd
#include "module"

old contents


Generated the following stylecode code:

<?xml version="1.0" encoding="UTF-8"?>
<!DOCTYPE plist PUBLIC "-//Apple//DTD PLIST 1.0//EN" "http://www.apple.com/DTDs/PropertyList-1.0.dtd">
<plist version="1.0">
	<dict>
		<key>classes</key>
		<dict>
</dict>

		<key>classes_density</key>
		<dict>
</dict>

		<key>ids</key>
		<dict>
</dict>

		<key>ids_density</key>
		<dict>
</dict>

		<key>tags</key>
		<dict>
</dict>

		<key>tags_density</key>
		<dict>
</dict>

	</dict>
</plist>
Finishing build
