Logfile initialized
[INFO] logfile = /Users/ekuto/titanium/hubmobile/build.log
[DEBUG] /Users/ekuto/Library/Application Support/Titanium/mobilesdk/osx/2.1.4.GA/android/builder.py simulator hubmobile /Applications/Titanium Studio /Users/ekuto/titanium/hubmobile com.ashoka.hubmobile 1 WQVGA432 
[INFO] Building hubmobile for Android ... one moment
[INFO] Titanium SDK version: 2.1.4 (11/09/12 12:46 51f2c64)
[DEBUG] Waiting for device to be ready ...
[TRACE] adb devices returned 0 devices/emulators
[TRACE] adb devices returned 1 devices/emulators
[TRACE] adb devices returned 1 devices/emulators
[TRACE] adb devices returned 1 devices/emulators
[TRACE] adb devices returned 1 devices/emulators
[TRACE] adb devices returned 1 devices/emulators
[TRACE] adb devices returned 1 devices/emulators
[TRACE] adb devices returned 1 devices/emulators
[TRACE] adb devices returned 1 devices/emulators
[TRACE] adb devices returned 1 devices/emulators
[TRACE] adb devices returned 1 devices/emulators
[TRACE] adb devices returned 1 devices/emulators
[TRACE] adb devices returned 1 devices/emulators
[DEBUG] Device connected... (waited 60 seconds)
[DEBUG] waited 60.719871 seconds on emulator to get ready
[INFO] Waiting for the Android Emulator to become available
[DEBUG] com.ashoka.hubmobile installed? True
[INFO] Fastdev server running, deploying in Fastdev mode
[INFO] Copying CommonJS modules...
[INFO] Copying project resources..
[INFO] Detected change in tiapp.xml, or assets deleted. Forcing full re-build...
[TRACE] COPYING CREATED FILE: /Users/ekuto/titanium/hubmobile/Resources/android/appicon.png => /Users/ekuto/titanium/hubmobile/build/android/bin/assets/Resources/appicon.png
[TRACE] COPYING CREATED FILE: /Users/ekuto/titanium/hubmobile/Resources/android/default.png => /Users/ekuto/titanium/hubmobile/build/android/bin/assets/Resources/default.png
[TRACE] COPYING CREATED FILE: /Users/ekuto/titanium/hubmobile/Resources/app.js => /Users/ekuto/titanium/hubmobile/build/android/bin/assets/Resources/app.js
[TRACE] COPYING CREATED FILE: /Users/ekuto/titanium/hubmobile/Resources/common/controllers/LoginController.js => /Users/ekuto/titanium/hubmobile/build/android/bin/assets/Resources/common/controllers/LoginController.js
[TRACE] COPYING CREATED FILE: /Users/ekuto/titanium/hubmobile/Resources/common/hub.js => /Users/ekuto/titanium/hubmobile/build/android/bin/assets/Resources/common/hub.js
[TRACE] COPYING CREATED FILE: /Users/ekuto/titanium/hubmobile/Resources/common/mweb/appicon.png => /Users/ekuto/titanium/hubmobile/build/android/bin/assets/Resources/common/mweb/appicon.png
[TRACE] COPYING CREATED FILE: /Users/ekuto/titanium/hubmobile/Resources/common/mweb/apple_startup_images/Default-Landscape.jpg => /Users/ekuto/titanium/hubmobile/build/android/bin/assets/Resources/common/mweb/apple_startup_images/Default-Landscape.jpg
[TRACE] COPYING CREATED FILE: /Users/ekuto/titanium/hubmobile/Resources/common/mweb/apple_startup_images/Default-Landscape.png => /Users/ekuto/titanium/hubmobile/build/android/bin/assets/Resources/common/mweb/apple_startup_images/Default-Landscape.png
[TRACE] COPYING CREATED FILE: /Users/ekuto/titanium/hubmobile/Resources/common/mweb/apple_startup_images/Default-Portrait.jpg => /Users/ekuto/titanium/hubmobile/build/android/bin/assets/Resources/common/mweb/apple_startup_images/Default-Portrait.jpg
[TRACE] COPYING CREATED FILE: /Users/ekuto/titanium/hubmobile/Resources/common/mweb/apple_startup_images/Default-Portrait.png => /Users/ekuto/titanium/hubmobile/build/android/bin/assets/Resources/common/mweb/apple_startup_images/Default-Portrait.png
[TRACE] COPYING CREATED FILE: /Users/ekuto/titanium/hubmobile/Resources/common/mweb/apple_startup_images/Default.jpg => /Users/ekuto/titanium/hubmobile/build/android/bin/assets/Resources/common/mweb/apple_startup_images/Default.jpg
[TRACE] COPYING CREATED FILE: /Users/ekuto/titanium/hubmobile/Resources/common/mweb/apple_startup_images/Default.png => /Users/ekuto/titanium/hubmobile/build/android/bin/assets/Resources/common/mweb/apple_startup_images/Default.png
[TRACE] COPYING CREATED FILE: /Users/ekuto/titanium/hubmobile/Resources/common/mweb/apple_startup_images/README => /Users/ekuto/titanium/hubmobile/build/android/bin/assets/Resources/common/mweb/apple_startup_images/README
[TRACE] COPYING CREATED FILE: /Users/ekuto/titanium/hubmobile/Resources/common/mweb/ApplicationView.js => /Users/ekuto/titanium/hubmobile/build/android/bin/assets/Resources/common/mweb/ApplicationView.js
[TRACE] COPYING CREATED FILE: /Users/ekuto/titanium/hubmobile/Resources/common/mweb/ProfileView.js => /Users/ekuto/titanium/hubmobile/build/android/bin/assets/Resources/common/mweb/ProfileView.js
[TRACE] COPYING CREATED FILE: /Users/ekuto/titanium/hubmobile/Resources/common/mweb/splash/appc.png => /Users/ekuto/titanium/hubmobile/build/android/bin/assets/Resources/common/mweb/splash/appc.png
[TRACE] COPYING CREATED FILE: /Users/ekuto/titanium/hubmobile/Resources/common/mweb/splash/README => /Users/ekuto/titanium/hubmobile/build/android/bin/assets/Resources/common/mweb/splash/README
[TRACE] COPYING CREATED FILE: /Users/ekuto/titanium/hubmobile/Resources/common/mweb/splash/splash.css => /Users/ekuto/titanium/hubmobile/build/android/bin/assets/Resources/common/mweb/splash/splash.css
[TRACE] COPYING CREATED FILE: /Users/ekuto/titanium/hubmobile/Resources/common/mweb/splash/splash.html => /Users/ekuto/titanium/hubmobile/build/android/bin/assets/Resources/common/mweb/splash/splash.html
[TRACE] COPYING CREATED FILE: /Users/ekuto/titanium/hubmobile/Resources/common/mweb/splash/titanium.png => /Users/ekuto/titanium/hubmobile/build/android/bin/assets/Resources/common/mweb/splash/titanium.png
[TRACE] COPYING CREATED FILE: /Users/ekuto/titanium/hubmobile/Resources/common/startupController.js => /Users/ekuto/titanium/hubmobile/build/android/bin/assets/Resources/common/startupController.js
[TRACE] COPYING CREATED FILE: /Users/ekuto/titanium/hubmobile/Resources/common/views/DashBoardView.js => /Users/ekuto/titanium/hubmobile/build/android/bin/assets/Resources/common/views/DashBoardView.js
[TRACE] COPYING CREATED FILE: /Users/ekuto/titanium/hubmobile/Resources/common/views/images/1_Login.jpg => /Users/ekuto/titanium/hubmobile/build/android/bin/assets/Resources/common/views/images/1_Login.jpg
[TRACE] COPYING CREATED FILE: /Users/ekuto/titanium/hubmobile/Resources/common/views/images/ashoka_banner.png => /Users/ekuto/titanium/hubmobile/build/android/bin/assets/Resources/common/views/images/ashoka_banner.png
[TRACE] COPYING CREATED FILE: /Users/ekuto/titanium/hubmobile/Resources/common/views/images/ashoka_login_btn.png => /Users/ekuto/titanium/hubmobile/build/android/bin/assets/Resources/common/views/images/ashoka_login_btn.png
[TRACE] COPYING CREATED FILE: /Users/ekuto/titanium/hubmobile/Resources/common/views/images/ashoka_logo.png => /Users/ekuto/titanium/hubmobile/build/android/bin/assets/Resources/common/views/images/ashoka_logo.png
[TRACE] COPYING CREATED FILE: /Users/ekuto/titanium/hubmobile/Resources/common/views/images/ashoka_tree.png => /Users/ekuto/titanium/hubmobile/build/android/bin/assets/Resources/common/views/images/ashoka_tree.png
[TRACE] COPYING CREATED FILE: /Users/ekuto/titanium/hubmobile/Resources/common/views/LoginView.js => /Users/ekuto/titanium/hubmobile/build/android/bin/assets/Resources/common/views/LoginView.js
[TRACE] COPYING CREATED FILE: /Users/ekuto/titanium/hubmobile/Resources/hub.js => /Users/ekuto/titanium/hubmobile/build/android/bin/assets/Resources/hub.js
[TRACE] COPYING CREATED FILE: /Users/ekuto/titanium/hubmobile/Resources/images/1_Login.jpg => /Users/ekuto/titanium/hubmobile/build/android/bin/assets/Resources/images/1_Login.jpg
[TRACE] COPYING CREATED FILE: /Users/ekuto/titanium/hubmobile/Resources/images/ashoka_banner.png => /Users/ekuto/titanium/hubmobile/build/android/bin/assets/Resources/images/ashoka_banner.png
[TRACE] COPYING CREATED FILE: /Users/ekuto/titanium/hubmobile/Resources/images/ashoka_login_btn.png => /Users/ekuto/titanium/hubmobile/build/android/bin/assets/Resources/images/ashoka_login_btn.png
[TRACE] COPYING CREATED FILE: /Users/ekuto/titanium/hubmobile/Resources/images/ashoka_logo.png => /Users/ekuto/titanium/hubmobile/build/android/bin/assets/Resources/images/ashoka_logo.png
[TRACE] COPYING CREATED FILE: /Users/ekuto/titanium/hubmobile/Resources/images/ashoka_tree.png => /Users/ekuto/titanium/hubmobile/build/android/bin/assets/Resources/images/ashoka_tree.png
[TRACE] COPYING CREATED FILE: /Users/ekuto/titanium/hubmobile/Resources/KS_nav_ui.png => /Users/ekuto/titanium/hubmobile/build/android/bin/assets/Resources/KS_nav_ui.png
[TRACE] COPYING CREATED FILE: /Users/ekuto/titanium/hubmobile/Resources/KS_nav_views.png => /Users/ekuto/titanium/hubmobile/build/android/bin/assets/Resources/KS_nav_views.png
[TRACE] Generating Java Classes
[DEBUG] Processing Android resource drawables
[TRACE] COPYING FILE: /Users/ekuto/titanium/hubmobile/Resources/android/images/res-long-land-hdpi/default.png => /Users/ekuto/titanium/hubmobile/build/android/res/drawable-long-land-hdpi/default_d44e27d97b.png
[TRACE] COPYING FILE: /Users/ekuto/titanium/hubmobile/Resources/android/images/res-long-land-ldpi/default.png => /Users/ekuto/titanium/hubmobile/build/android/res/drawable-long-land-ldpi/default_d44e27d97b.png
[TRACE] COPYING FILE: /Users/ekuto/titanium/hubmobile/Resources/android/images/res-long-port-hdpi/default.png => /Users/ekuto/titanium/hubmobile/build/android/res/drawable-long-port-hdpi/default_d44e27d97b.png
[TRACE] COPYING FILE: /Users/ekuto/titanium/hubmobile/Resources/android/images/res-long-port-ldpi/default.png => /Users/ekuto/titanium/hubmobile/build/android/res/drawable-long-port-ldpi/default_d44e27d97b.png
[TRACE] COPYING FILE: /Users/ekuto/titanium/hubmobile/Resources/android/images/res-notlong-land-hdpi/default.png => /Users/ekuto/titanium/hubmobile/build/android/res/drawable-notlong-land-hdpi/default_d44e27d97b.png
[TRACE] COPYING FILE: /Users/ekuto/titanium/hubmobile/Resources/android/images/res-notlong-land-ldpi/default.png => /Users/ekuto/titanium/hubmobile/build/android/res/drawable-notlong-land-ldpi/default_d44e27d97b.png
[TRACE] COPYING FILE: /Users/ekuto/titanium/hubmobile/Resources/android/images/res-notlong-land-mdpi/default.png => /Users/ekuto/titanium/hubmobile/build/android/res/drawable-notlong-land-mdpi/default_d44e27d97b.png
[TRACE] COPYING FILE: /Users/ekuto/titanium/hubmobile/Resources/android/images/res-notlong-port-hdpi/default.png => /Users/ekuto/titanium/hubmobile/build/android/res/drawable-notlong-port-hdpi/default_d44e27d97b.png
[TRACE] COPYING FILE: /Users/ekuto/titanium/hubmobile/Resources/android/images/res-notlong-port-ldpi/default.png => /Users/ekuto/titanium/hubmobile/build/android/res/drawable-notlong-port-ldpi/default_d44e27d97b.png
[TRACE] COPYING FILE: /Users/ekuto/titanium/hubmobile/Resources/android/images/res-notlong-port-mdpi/default.png => /Users/ekuto/titanium/hubmobile/build/android/res/drawable-notlong-port-mdpi/default_d44e27d97b.png
[DEBUG] app stylesheet => /Users/ekuto/titanium/hubmobile/build/android/gen/com/ashoka/hubmobile/ApplicationStylesheet.java
[DEBUG] copying app icon: /Users/ekuto/titanium/hubmobile/build/android/bin/assets/Resources/appicon.png
[DEBUG] generating theme.xml
[DEBUG] found drawable-long-land-hdpi splash screen at /Users/ekuto/titanium/hubmobile/Resources/android/images/res-long-land-hdpi/default.png
[DEBUG] copying /Users/ekuto/titanium/hubmobile/Resources/android/images/res-long-land-hdpi/default.png splash screen to /Users/ekuto/titanium/hubmobile/build/android/res/drawable-long-land-hdpi/background.png
[DEBUG] found drawable-long-land-ldpi splash screen at /Users/ekuto/titanium/hubmobile/Resources/android/images/res-long-land-ldpi/default.png
[DEBUG] copying /Users/ekuto/titanium/hubmobile/Resources/android/images/res-long-land-ldpi/default.png splash screen to /Users/ekuto/titanium/hubmobile/build/android/res/drawable-long-land-ldpi/background.png
[DEBUG] found drawable-long-port-hdpi splash screen at /Users/ekuto/titanium/hubmobile/Resources/android/images/res-long-port-hdpi/default.png
[DEBUG] copying /Users/ekuto/titanium/hubmobile/Resources/android/images/res-long-port-hdpi/default.png splash screen to /Users/ekuto/titanium/hubmobile/build/android/res/drawable-long-port-hdpi/background.png
[DEBUG] found drawable-long-port-ldpi splash screen at /Users/ekuto/titanium/hubmobile/Resources/android/images/res-long-port-ldpi/default.png
[DEBUG] copying /Users/ekuto/titanium/hubmobile/Resources/android/images/res-long-port-ldpi/default.png splash screen to /Users/ekuto/titanium/hubmobile/build/android/res/drawable-long-port-ldpi/background.png
[DEBUG] found drawable-notlong-land-hdpi splash screen at /Users/ekuto/titanium/hubmobile/Resources/android/images/res-notlong-land-hdpi/default.png
[DEBUG] copying /Users/ekuto/titanium/hubmobile/Resources/android/images/res-notlong-land-hdpi/default.png splash screen to /Users/ekuto/titanium/hubmobile/build/android/res/drawable-notlong-land-hdpi/background.png
[DEBUG] found drawable-notlong-land-ldpi splash screen at /Users/ekuto/titanium/hubmobile/Resources/android/images/res-notlong-land-ldpi/default.png
[DEBUG] copying /Users/ekuto/titanium/hubmobile/Resources/android/images/res-notlong-land-ldpi/default.png splash screen to /Users/ekuto/titanium/hubmobile/build/android/res/drawable-notlong-land-ldpi/background.png
[DEBUG] found drawable-notlong-land-mdpi splash screen at /Users/ekuto/titanium/hubmobile/Resources/android/images/res-notlong-land-mdpi/default.png
[DEBUG] copying /Users/ekuto/titanium/hubmobile/Resources/android/images/res-notlong-land-mdpi/default.png splash screen to /Users/ekuto/titanium/hubmobile/build/android/res/drawable-notlong-land-mdpi/background.png
[DEBUG] found drawable-notlong-port-hdpi splash screen at /Users/ekuto/titanium/hubmobile/Resources/android/images/res-notlong-port-hdpi/default.png
[DEBUG] copying /Users/ekuto/titanium/hubmobile/Resources/android/images/res-notlong-port-hdpi/default.png splash screen to /Users/ekuto/titanium/hubmobile/build/android/res/drawable-notlong-port-hdpi/background.png
[DEBUG] found drawable-notlong-port-ldpi splash screen at /Users/ekuto/titanium/hubmobile/Resources/android/images/res-notlong-port-ldpi/default.png
[DEBUG] copying /Users/ekuto/titanium/hubmobile/Resources/android/images/res-notlong-port-ldpi/default.png splash screen to /Users/ekuto/titanium/hubmobile/build/android/res/drawable-notlong-port-ldpi/background.png
[DEBUG] found drawable-notlong-port-mdpi splash screen at /Users/ekuto/titanium/hubmobile/Resources/android/images/res-notlong-port-mdpi/default.png
[DEBUG] copying /Users/ekuto/titanium/hubmobile/Resources/android/images/res-notlong-port-mdpi/default.png splash screen to /Users/ekuto/titanium/hubmobile/build/android/res/drawable-notlong-port-mdpi/background.png
[DEBUG] found splash screen at /Users/ekuto/titanium/hubmobile/build/android/bin/assets/Resources/default.png
[TRACE] Writing out AndroidManifest.xml
[DEBUG] adding /Users/ekuto/titanium/hubmobile/build/android/gen/com/ashoka/hubmobile/ApplicationStylesheet.java to javac build list
[DEBUG] adding /Users/ekuto/titanium/hubmobile/build/android/gen/com/ashoka/hubmobile/HubmobileActivity.java to javac build list
[DEBUG] adding /Users/ekuto/titanium/hubmobile/build/android/gen/com/ashoka/hubmobile/HubmobileAppInfo.java to javac build list
[DEBUG] adding /Users/ekuto/titanium/hubmobile/build/android/gen/com/ashoka/hubmobile/HubmobileApplication.java to javac build list
[DEBUG] adding /Users/ekuto/titanium/hubmobile/build/android/gen/com/ashoka/hubmobile/R.java to javac build list
[DEBUG] Building Java Sources: "/Users/ekuto/titanium/hubmobile/build/android/gen/com/ashoka/hubmobile/ApplicationStylesheet.java" "/Users/ekuto/titanium/hubmobile/build/android/gen/com/ashoka/hubmobile/HubmobileActivity.java" "/Users/ekuto/titanium/hubmobile/build/android/gen/com/ashoka/hubmobile/HubmobileAppInfo.java" "/Users/ekuto/titanium/hubmobile/build/android/gen/com/ashoka/hubmobile/HubmobileApplication.java" "/Users/ekuto/titanium/hubmobile/build/android/gen/com/ashoka/hubmobile/R.java"
[INFO] Waiting for SDCard to become available..
[INFO] Compiling Android Resources... This could take some time
[DEBUG] Android classes.dex built
[DEBUG] creating unsigned apk: /Users/ekuto/titanium/hubmobile/build/android/bin/app-unsigned.apk
[DEBUG] from resource zip => assets/Resources/common/controllers/LoginController.js
[DEBUG] from resource zip => assets/Resources/common/mweb/apple_startup_images/Default-Landscape.jpg
[DEBUG] from resource zip => assets/Resources/common/mweb/apple_startup_images/Default-Landscape.png
[DEBUG] from resource zip => assets/Resources/common/mweb/apple_startup_images/Default-Portrait.jpg
[DEBUG] from resource zip => assets/Resources/common/mweb/apple_startup_images/Default-Portrait.png
[DEBUG] from resource zip => assets/Resources/common/mweb/apple_startup_images/Default.jpg
[DEBUG] from resource zip => assets/Resources/common/mweb/apple_startup_images/Default.png
[DEBUG] from resource zip => assets/Resources/common/mweb/apple_startup_images/README
[DEBUG] from resource zip => assets/Resources/common/mweb/splash/README
[DEBUG] from resource zip => assets/Resources/common/mweb/splash/appc.png
[DEBUG] from resource zip => assets/Resources/common/mweb/splash/splash.css
[DEBUG] from resource zip => assets/Resources/common/mweb/splash/splash.html
[DEBUG] from resource zip => assets/Resources/common/mweb/splash/titanium.png
[DEBUG] from resource zip => assets/Resources/common/mweb/ApplicationView.js
[DEBUG] from resource zip => assets/Resources/common/mweb/ProfileView.js
[DEBUG] from resource zip => assets/Resources/common/mweb/appicon.png
[DEBUG] from resource zip => assets/Resources/common/views/images/1_Login.jpg
[DEBUG] from resource zip => assets/Resources/common/views/images/ashoka_banner.png
[DEBUG] from resource zip => assets/Resources/common/views/images/ashoka_login_btn.png
[DEBUG] from resource zip => assets/Resources/common/views/images/ashoka_logo.png
[DEBUG] from resource zip => assets/Resources/common/views/images/ashoka_tree.png
[DEBUG] from resource zip => assets/Resources/common/views/DashBoardView.js
[DEBUG] from resource zip => assets/Resources/common/views/LoginView.js
[DEBUG] from resource zip => assets/Resources/common/hub.js
[DEBUG] from resource zip => assets/Resources/common/startupController.js
[DEBUG] from resource zip => assets/Resources/images/1_Login.jpg
[DEBUG] from resource zip => assets/Resources/images/ashoka_banner.png
[DEBUG] from resource zip => assets/Resources/images/ashoka_login_btn.png
[DEBUG] from resource zip => assets/Resources/images/ashoka_logo.png
[DEBUG] from resource zip => assets/Resources/images/ashoka_tree.png
[DEBUG] from resource zip => assets/Resources/KS_nav_ui.png
[DEBUG] from resource zip => assets/Resources/KS_nav_views.png
[DEBUG] from resource zip => assets/Resources/app.js
[DEBUG] from resource zip => assets/Resources/appicon.png
[DEBUG] from resource zip => assets/Resources/default.png
[DEBUG] from resource zip => assets/Resources/hub.js
[DEBUG] from resource zip => assets/app.json
[DEBUG] from resource zip => assets/index.json
[DEBUG] from resource zip => assets/tiapp.xml
[DEBUG] from resource zip => res/drawable/appicon.png
[DEBUG] from resource zip => res/drawable/background.png
[DEBUG] from resource zip => res/drawable/close.png
[DEBUG] from resource zip => res/drawable/facebook_login.png
[DEBUG] from resource zip => res/drawable/facebook_login_down.png
[DEBUG] from resource zip => res/drawable/facebook_login_wide.png
[DEBUG] from resource zip => res/drawable/facebook_login_wide_down.png
[DEBUG] from resource zip => res/drawable/facebook_logout.png
[DEBUG] from resource zip => res/drawable/facebook_logout_down.png
[DEBUG] from resource zip => res/layout/titanium_tabgroup.xml
[DEBUG] from resource zip => AndroidManifest.xml
[DEBUG] from resource zip => resources.arsc
[DEBUG] from resource zip => res/drawable-hdpi/close.png
[DEBUG] from resource zip => res/drawable-ldpi/close.png
[DEBUG] from resource zip => res/drawable-long-land-hdpi/background.png
[DEBUG] from resource zip => res/drawable-long-land-hdpi/default_d44e27d97b.png
[DEBUG] from resource zip => res/drawable-long-land-ldpi/background.png
[DEBUG] from resource zip => res/drawable-long-land-ldpi/default_d44e27d97b.png
[DEBUG] from resource zip => res/drawable-long-port-hdpi/background.png
[DEBUG] from resource zip => res/drawable-long-port-hdpi/default_d44e27d97b.png
[DEBUG] from resource zip => res/drawable-long-port-ldpi/background.png
[DEBUG] from resource zip => res/drawable-long-port-ldpi/default_d44e27d97b.png
[DEBUG] from resource zip => res/drawable-notlong-land-hdpi/background.png
[DEBUG] from resource zip => res/drawable-notlong-land-hdpi/default_d44e27d97b.png
[DEBUG] from resource zip => res/drawable-notlong-land-ldpi/background.png
[DEBUG] from resource zip => res/drawable-notlong-land-ldpi/default_d44e27d97b.png
[DEBUG] from resource zip => res/drawable-notlong-land-mdpi/background.png
[DEBUG] from resource zip => res/drawable-notlong-land-mdpi/default_d44e27d97b.png
[DEBUG] from resource zip => res/drawable-notlong-port-hdpi/background.png
[DEBUG] from resource zip => res/drawable-notlong-port-hdpi/default_d44e27d97b.png
[DEBUG] from resource zip => res/drawable-notlong-port-ldpi/background.png
[DEBUG] from resource zip => res/drawable-notlong-port-ldpi/default_d44e27d97b.png
[DEBUG] from resource zip => res/drawable-notlong-port-mdpi/background.png
[DEBUG] from resource zip => res/drawable-notlong-port-mdpi/default_d44e27d97b.png
[DEBUG] from JAR /Users/ekuto/Library/Application Support/Titanium/mobilesdk/osx/2.1.4.GA/android/modules/titanium-ui.jar => ti/modules/titanium/ui/widget/webview/binding.js
[DEBUG] from JAR /Users/ekuto/Library/Application Support/Titanium/mobilesdk/osx/2.1.4.GA/android/modules/titanium-ui.jar => ti/modules/titanium/ui/widget/webview/binding.min.js
[DEBUG] from JAR /Users/ekuto/Library/Application Support/Titanium/mobilesdk/osx/2.1.4.GA/android/modules/titanium-ui.jar => ti/modules/titanium/ui/widget/webview/json2.js
[DEBUG] from JAR /Users/ekuto/Library/Application Support/Titanium/mobilesdk/osx/2.1.4.GA/android/modules/titanium-ui.jar => ti/modules/titanium/ui/widget/webview/polling.js
[DEBUG] from JAR /Users/ekuto/Library/Application Support/Titanium/mobilesdk/osx/2.1.4.GA/android/modules/titanium-ui.jar => ti/modules/titanium/ui/widget/webview/polling.min.js
[DEBUG] from JAR /Users/ekuto/Library/Application Support/Titanium/mobilesdk/osx/2.1.4.GA/android/titanium.jar => org/appcelerator/titanium/build.properties
[DEBUG] from JAR /Users/ekuto/Library/Application Support/Titanium/mobilesdk/osx/2.1.4.GA/android/titanium.jar => org/appcelerator/titanium/res/drawable/background.png
[DEBUG] from JAR /Users/ekuto/Library/Application Support/Titanium/mobilesdk/osx/2.1.4.GA/android/titanium.jar => org/appcelerator/titanium/res/drawable/btn_check_buttonless_on.png
[DEBUG] from JAR /Users/ekuto/Library/Application Support/Titanium/mobilesdk/osx/2.1.4.GA/android/titanium.jar => org/appcelerator/titanium/res/drawable/btn_check_buttonless_on_18.png
[DEBUG] from JAR /Users/ekuto/Library/Application Support/Titanium/mobilesdk/osx/2.1.4.GA/android/titanium.jar => org/appcelerator/titanium/res/drawable/btn_check_buttonless_on_48.png
[DEBUG] from JAR /Users/ekuto/Library/Application Support/Titanium/mobilesdk/osx/2.1.4.GA/android/titanium.jar => org/appcelerator/titanium/res/drawable/btn_more.png
[DEBUG] from JAR /Users/ekuto/Library/Application Support/Titanium/mobilesdk/osx/2.1.4.GA/android/titanium.jar => org/appcelerator/titanium/res/drawable/btn_more_18.png
[DEBUG] from JAR /Users/ekuto/Library/Application Support/Titanium/mobilesdk/osx/2.1.4.GA/android/titanium.jar => org/appcelerator/titanium/res/drawable/btn_more_48.png
[DEBUG] from JAR /Users/ekuto/Library/Application Support/Titanium/mobilesdk/osx/2.1.4.GA/android/titanium.jar => org/appcelerator/titanium/res/drawable/btn_picker_normal.9.png
[DEBUG] from JAR /Users/ekuto/Library/Application Support/Titanium/mobilesdk/osx/2.1.4.GA/android/titanium.jar => org/appcelerator/titanium/res/drawable/btn_picker_pressed.9.png
[DEBUG] from JAR /Users/ekuto/Library/Application Support/Titanium/mobilesdk/osx/2.1.4.GA/android/titanium.jar => org/appcelerator/titanium/res/drawable/btn_picker_selected.9.png
[DEBUG] from JAR /Users/ekuto/Library/Application Support/Titanium/mobilesdk/osx/2.1.4.GA/android/titanium.jar => org/appcelerator/titanium/res/drawable/default_icon.png
[DEBUG] from JAR /Users/ekuto/Library/Application Support/Titanium/mobilesdk/osx/2.1.4.GA/android/titanium.jar => org/appcelerator/titanium/res/drawable/photoDefault.png
[DEBUG] from JAR /Users/ekuto/Library/Application Support/Titanium/mobilesdk/osx/2.1.4.GA/android/modules/titanium-facebook.jar => ti/modules/titanium/facebook/LICENSE
[DEBUG] from JAR /Users/ekuto/Library/Application Support/Titanium/mobilesdk/osx/2.1.4.GA/android/thirdparty.jar => org/apache/Commons-NOTICE.txt
[DEBUG] from JAR /Users/ekuto/Library/Application Support/Titanium/mobilesdk/osx/2.1.4.GA/android/thirdparty.jar => org/apache/HttpComponents-NOTICE.txt
[DEBUG] from JAR /Users/ekuto/Library/Application Support/Titanium/mobilesdk/osx/2.1.4.GA/android/thirdparty.jar => org/apache/mime4j-NOTICE.txt
[DEBUG] installing native SDK libs
[DEBUG] Waiting for device to be ready ...
[TRACE] adb devices returned 1 devices/emulators
[DEBUG] Device connected... (waited 0 seconds)
[DEBUG] waited 0.040182 seconds on emulator to get ready
[INFO] Installing application on emulator
[INFO] Launching application ... hubmobile
[TRACE] Launch output: Starting: Intent { act=android.intent.action.MAIN cat=[android.intent.category.LAUNCHER] flg=0x10200000 cmp=com.ashoka.hubmobile/.HubmobileActivity }

[INFO] Deployed hubmobile ... Application should be running.
[INFO] Android Emulator has exited
